2025-12-05 17:35:05 | INFO     | ZoomCampaign | ===== ZoomCampaign CLI startup =====
2025-12-05 17:35:05 | INFO     | ZoomCampaign | Project root: C:\Users\omrib\OneDrive\Desktop\pairs_trading_system
2025-12-05 17:35:05 | INFO     | ZoomCampaign | Logs path: C:\Users\omrib\OneDrive\Desktop\pairs_trading_system\logs\zoom_campaign.log
2025-12-05 17:35:05 | DEBUG    | ZoomCampaign | Verbose mode ON (DEBUG level).
2025-12-05 17:35:05 | INFO     | ZoomCampaign | Output directory: C:\Users\omrib\OneDrive\Desktop\pairs_trading_system\zoom_results
2025-12-05 17:35:05 | INFO     | ZoomCampaign | Zoom Campaign config: pairs=XLY-XLP | stages=3 | trials_per_stage=50 | profile=defensive | elite_frac=0.200 | cleanup=keep_last | timeout_min=10
2025-12-05 17:35:05 | INFO     | ZoomCampaign | ===== ZoomCampaign START for XLY-XLP =====
2025-12-05 17:38:40 | INFO     | ZoomCampaign | Saved zoom results for XLY-XLP to C:\Users\omrib\OneDrive\Desktop\pairs_trading_system\zoom_results\zoom_results_XLY-XLP.csv (rows=0)
2025-12-05 17:38:40 | INFO     | ZoomCampaign | ZoomCampaign DONE for XLY-XLP | status=ok | final_stage=1 | final_best_score=0.2222
2025-12-05 17:38:40 | INFO     | ZoomCampaign | Saved zoom campaign summary JSON to C:\Users\omrib\OneDrive\Desktop\pairs_trading_system\zoom_results\zoom_campaign_summary.json
2025-12-05 17:38:40 | INFO     | ZoomCampaign | ===== ZoomCampaign CLI finished =====
2025-12-05 17:53:31 | INFO     | ZoomCampaign | ===== ZoomCampaign CLI startup =====
2025-12-05 17:53:31 | INFO     | ZoomCampaign | Project root: C:\Users\omrib\OneDrive\Desktop\pairs_trading_system
2025-12-05 17:53:31 | INFO     | ZoomCampaign | Logs path: C:\Users\omrib\OneDrive\Desktop\pairs_trading_system\logs\zoom_campaign.log
2025-12-05 17:53:31 | DEBUG    | ZoomCampaign | Verbose mode ON (DEBUG level).
2025-12-05 17:53:31 | INFO     | ZoomCampaign | Output directory: C:\Users\omrib\OneDrive\Desktop\pairs_trading_system\zoom_results
2025-12-05 17:53:31 | INFO     | ZoomCampaign | Zoom Campaign config: pairs=XLY-XLP | stages=3 | trials_per_stage=50 | profile=defensive | elite_frac=0.200 | cleanup=keep_last | timeout_min=10
2025-12-05 17:53:31 | INFO     | ZoomCampaign | ===== ZoomCampaign START for XLY-XLP =====
2025-12-05 17:54:24 | INFO     | ZoomCampaign | Saved zoom results for XLY-XLP to C:\Users\omrib\OneDrive\Desktop\pairs_trading_system\zoom_results\zoom_results_XLY-XLP.csv (rows=0)
2025-12-05 17:54:24 | INFO     | ZoomCampaign | ZoomCampaign DONE for XLY-XLP | status=ok | final_stage=1 | final_best_score=0.2222
2025-12-05 17:54:24 | INFO     | ZoomCampaign | Saved zoom campaign summary JSON to C:\Users\omrib\OneDrive\Desktop\pairs_trading_system\zoom_results\zoom_campaign_summary.json
2025-12-05 17:54:24 | INFO     | ZoomCampaign | ===== ZoomCampaign CLI finished =====
